  KMv0.2.cpp
c:\users\tobiasz\documents\github\kmv0.21\program\kmv0.2\kmv0.2\start.h(62): warning C4244: 'argument': conversion from 'const int' to 'float', possible loss of data
c:\users\tobiasz\documents\github\kmv0.21\program\kmv0.2\kmv0.2\start.h(68): warning C4244: 'argument': conversion from 'const int' to 'float', possible loss of data
c:\users\tobiasz\documents\github\kmv0.21\program\kmv0.2\kmv0.2\start.h(74): warning C4244: 'argument': conversion from 'const int' to 'float', possible loss of data
c:\users\tobiasz\documents\github\kmv0.21\program\kmv0.2\kmv0.2\start.h(80): warning C4244: 'argument': conversion from 'const int' to 'float', possible loss of data
c:\users\tobiasz\documents\github\kmv0.21\program\kmv0.2\kmv0.2\start.h(86): warning C4244: 'argument': conversion from 'const int' to 'float', possible loss of data
c:\users\tobiasz\documents\github\kmv0.21\program\kmv0.2\kmv0.2\start.h(96): warning C4244: 'argument': conversion from 'const int' to 'float', possible loss of data
c:\users\tobiasz\documents\github\kmv0.21\program\kmv0.2\kmv0.2\start.h(186): warning C4244: 'argument': conversion from 'const int' to 'float', possible loss of data
c:\users\tobiasz\documents\github\kmv0.21\program\kmv0.2\kmv0.2\start.h(60): warning C4996: 'sf::Text::setColor': was declared deprecated
  c:\users\tobiasz\desktop\sfml\external libraries\sfml\include\sfml\graphics\text.hpp(210): note: see declaration of 'sf::Text::setColor'
c:\users\tobiasz\documents\github\kmv0.21\program\kmv0.2\kmv0.2\start.h(66): warning C4996: 'sf::Text::setColor': was declared deprecated
  c:\users\tobiasz\desktop\sfml\external libraries\sfml\include\sfml\graphics\text.hpp(210): note: see declaration of 'sf::Text::setColor'
c:\users\tobiasz\documents\github\kmv0.21\program\kmv0.2\kmv0.2\start.h(72): warning C4996: 'sf::Text::setColor': was declared deprecated
  c:\users\tobiasz\desktop\sfml\external libraries\sfml\include\sfml\graphics\text.hpp(210): note: see declaration of 'sf::Text::setColor'
c:\users\tobiasz\documents\github\kmv0.21\program\kmv0.2\kmv0.2\start.h(78): warning C4996: 'sf::Text::setColor': was declared deprecated
  c:\users\tobiasz\desktop\sfml\external libraries\sfml\include\sfml\graphics\text.hpp(210): note: see declaration of 'sf::Text::setColor'
c:\users\tobiasz\documents\github\kmv0.21\program\kmv0.2\kmv0.2\start.h(84): warning C4996: 'sf::Text::setColor': was declared deprecated
  c:\users\tobiasz\desktop\sfml\external libraries\sfml\include\sfml\graphics\text.hpp(210): note: see declaration of 'sf::Text::setColor'
c:\users\tobiasz\documents\github\kmv0.21\program\kmv0.2\kmv0.2\start.h(94): warning C4996: 'sf::Text::setColor': was declared deprecated
  c:\users\tobiasz\desktop\sfml\external libraries\sfml\include\sfml\graphics\text.hpp(210): note: see declaration of 'sf::Text::setColor'
c:\users\tobiasz\documents\github\kmv0.21\program\kmv0.2\kmv0.2\easy_mode.h(34): warning C4244: 'argument': conversion from 'time_t' to 'unsigned int', possible loss of data
c:\users\tobiasz\documents\github\kmv0.21\program\kmv0.2\kmv0.2\easy_mode.h(49): warning C4244: 'argument': conversion from 'int' to 'float', possible loss of data
c:\users\tobiasz\documents\github\kmv0.21\program\kmv0.2\kmv0.2\easy_mode.h(47): warning C4996: 'sf::Text::setColor': was declared deprecated
  c:\users\tobiasz\desktop\sfml\external libraries\sfml\include\sfml\graphics\text.hpp(210): note: see declaration of 'sf::Text::setColor'
c:\users\tobiasz\documents\github\kmv0.21\program\kmv0.2\kmv0.2\easy_mode.h(36): warning C4101: 'key': unreferenced local variable
c:\users\tobiasz\documents\github\kmv0.21\program\kmv0.2\kmv0.2\training_mode.h(38): warning C4244: 'argument': conversion from 'int' to 'float', possible loss of data
c:\users\tobiasz\documents\github\kmv0.21\program\kmv0.2\kmv0.2\training_mode.h(63): warning C4244: 'argument': conversion from 'int' to 'float', possible loss of data
c:\users\tobiasz\documents\github\kmv0.21\program\kmv0.2\kmv0.2\training_mode.h(36): warning C4996: 'sf::Text::setColor': was declared deprecated
  c:\users\tobiasz\desktop\sfml\external libraries\sfml\include\sfml\graphics\text.hpp(210): note: see declaration of 'sf::Text::setColor'
c:\users\tobiasz\documents\github\kmv0.21\program\kmv0.2\kmv0.2\training_mode.h(26): warning C4101: 'random': unreferenced local variable
c:\users\tobiasz\documents\github\kmv0.21\program\kmv0.2\kmv0.2\medium_mode.h(55): warning C4244: 'argument': conversion from 'int' to 'float', possible loss of data
c:\users\tobiasz\documents\github\kmv0.21\program\kmv0.2\kmv0.2\medium_mode.h(61): warning C4244: 'argument': conversion from 'int' to 'float', possible loss of data
c:\users\tobiasz\documents\github\kmv0.21\program\kmv0.2\kmv0.2\medium_mode.h(67): warning C4244: 'argument': conversion from 'int' to 'float', possible loss of data
c:\users\tobiasz\documents\github\kmv0.21\program\kmv0.2\kmv0.2\medium_mode.h(53): warning C4996: 'sf::Text::setColor': was declared deprecated
  c:\users\tobiasz\desktop\sfml\external libraries\sfml\include\sfml\graphics\text.hpp(210): note: see declaration of 'sf::Text::setColor'
c:\users\tobiasz\documents\github\kmv0.21\program\kmv0.2\kmv0.2\medium_mode.h(59): warning C4996: 'sf::Text::setColor': was declared deprecated
  c:\users\tobiasz\desktop\sfml\external libraries\sfml\include\sfml\graphics\text.hpp(210): note: see declaration of 'sf::Text::setColor'
c:\users\tobiasz\documents\github\kmv0.21\program\kmv0.2\kmv0.2\medium_mode.h(65): warning C4996: 'sf::Text::setColor': was declared deprecated
  c:\users\tobiasz\desktop\sfml\external libraries\sfml\include\sfml\graphics\text.hpp(210): note: see declaration of 'sf::Text::setColor'
c:\users\tobiasz\documents\github\kmv0.21\program\kmv0.2\kmv0.2\hard_mode.h(49): warning C4244: 'argument': conversion from 'int' to 'float', possible loss of data
c:\users\tobiasz\documents\github\kmv0.21\program\kmv0.2\kmv0.2\hard_mode.h(55): warning C4244: 'argument': conversion from 'int' to 'float', possible loss of data
c:\users\tobiasz\documents\github\kmv0.21\program\kmv0.2\kmv0.2\hard_mode.h(61): warning C4244: 'argument': conversion from 'int' to 'float', possible loss of data
c:\users\tobiasz\documents\github\kmv0.21\program\kmv0.2\kmv0.2\hard_mode.h(47): warning C4996: 'sf::Text::setColor': was declared deprecated
  c:\users\tobiasz\desktop\sfml\external libraries\sfml\include\sfml\graphics\text.hpp(210): note: see declaration of 'sf::Text::setColor'
c:\users\tobiasz\documents\github\kmv0.21\program\kmv0.2\kmv0.2\hard_mode.h(53): warning C4996: 'sf::Text::setColor': was declared deprecated
  c:\users\tobiasz\desktop\sfml\external libraries\sfml\include\sfml\graphics\text.hpp(210): note: see declaration of 'sf::Text::setColor'
c:\users\tobiasz\documents\github\kmv0.21\program\kmv0.2\kmv0.2\hard_mode.h(59): warning C4996: 'sf::Text::setColor': was declared deprecated
  c:\users\tobiasz\desktop\sfml\external libraries\sfml\include\sfml\graphics\text.hpp(210): note: see declaration of 'sf::Text::setColor'
c:\users\tobiasz\documents\github\kmv0.21\program\kmv0.2\kmv0.2\help_mode.h(22): warning C4244: 'argument': conversion from 'int' to 'float', possible loss of data
c:\users\tobiasz\documents\github\kmv0.21\program\kmv0.2\kmv0.2\help_mode.h(20): warning C4996: 'sf::Text::setColor': was declared deprecated
  c:\users\tobiasz\desktop\sfml\external libraries\sfml\include\sfml\graphics\text.hpp(210): note: see declaration of 'sf::Text::setColor'
  KMv0.2.vcxproj -> C:\Users\Tobiasz\Documents\GitHub\KMv0.21\Program\KMv0.2\x64\Debug\KMv0.2.exe
